<?xml version="1.0" encoding="UTF-8"?>
<testsuite name="DollarCalculatorTest" tests="1" skipped="0" failures="0" errors="0" timestamp="2023-02-17T02:37:38" hostname="Samsung-M1-Air.local" time="0.585">
  <properties/>
  <testcase name="dollarTest()" classname="DollarCalculatorTest" time="0.585"/>
  <system-out><![CDATA[]]></system-out>
  <system-err><![CDATA[]]></system-err>
</testsuite>
