<?xml version="1.0" encoding="UTF-8"?>
<testsuite name="UserDaoTest" tests="1" skipped="0" failures="0" errors="0" timestamp="2023-04-13T08:37:59" hostname="Samsung-M1-Air.local" time="0.195">
  <properties/>
  <testcase name="createdTest()" classname="UserDaoTest" time="0.195"/>
  <system-out><![CDATA[]]></system-out>
  <system-err><![CDATA[[Test worker] INFO com.zaxxer.hikari.HikariDataSource - HikariPool-1 - Starting...
[Test worker] INFO com.zaxxer.hikari.pool.HikariPool - HikariPool-1 - Added connection conn0: url=jdbc:h2:mem://localhost/~/jdbc-practice user=SA
[Test worker] INFO com.zaxxer.hikari.HikariDataSource - HikariPool-1 - Start completed.
]]></system-err>
</testsuite>
